Determining if the pthread_create exist failed with the following output:
Change Dir: /home/nicola/Dokumente/Programmiersprachen/ProPra Abgabe 6/programmiersprachen-raytracer/build/CMakeFiles/CMakeTmp

Run Build Command:"/usr/bin/make" "cmTC_cdd0e/fast"
/usr/bin/make -f CMakeFiles/cmTC_cdd0e.dir/build.make CMakeFiles/cmTC_cdd0e.dir/build
make[1]: Verzeichnis „/home/nicola/Dokumente/Programmiersprachen/ProPra Abgabe 6/programmiersprachen-raytracer/build/CMakeFiles/CMakeTmp“ wird betreten
Building C object CMakeFiles/cmTC_cdd0e.dir/CheckSymbolExists.c.o
/usr/bin/cc     -o CMakeFiles/cmTC_cdd0e.dir/CheckSymbolExists.c.o   -c "/home/nicola/Dokumente/Programmiersprachen/ProPra Abgabe 6/programmiersprachen-raytracer/build/CMakeFiles/CMakeTmp/CheckSymbolExists.c"
Linking C executable cmTC_cdd0e
/usr/bin/cmake -E cmake_link_script CMakeFiles/cmTC_cdd0e.dir/link.txt --verbose=1
/usr/bin/cc       CMakeFiles/cmTC_cdd0e.dir/CheckSymbolExists.c.o  -o cmTC_cdd0e -rdynamic 
CMakeFiles/cmTC_cdd0e.dir/CheckSymbolExists.c.o: In Funktion `main':
CheckSymbolExists.c:(.text+0x16): Nicht definierter Verweis auf `pthread_create'
collect2: error: ld returned 1 exit status
CMakeFiles/cmTC_cdd0e.dir/build.make:97: die Regel für Ziel „cmTC_cdd0e“ scheiterte
make[1]: *** [cmTC_cdd0e] Fehler 1
make[1]: Verzeichnis „/home/nicola/Dokumente/Programmiersprachen/ProPra Abgabe 6/programmiersprachen-raytracer/build/CMakeFiles/CMakeTmp“ wird verlassen
Makefile:126: die Regel für Ziel „cmTC_cdd0e/fast“ scheiterte
make: *** [cmTC_cdd0e/fast] Fehler 2

File /home/nicola/Dokumente/Programmiersprachen/ProPra Abgabe 6/programmiersprachen-raytracer/build/CMakeFiles/CMakeTmp/CheckSymbolExists.c:
/* */
#include <pthread.h>

int main(int argc, char** argv)
{
  (void)argv;
#ifndef pthread_create
  return ((int*)(&pthread_create))[argc];
#else
  (void)argc;
  return 0;
#endif
}

Determining if the function pthread_create exists in the pthreads failed with the following output:
Change Dir: /home/nicola/Dokumente/Programmiersprachen/ProPra Abgabe 6/programmiersprachen-raytracer/build/CMakeFiles/CMakeTmp

Run Build Command:"/usr/bin/make" "cmTC_e46a6/fast"
/usr/bin/make -f CMakeFiles/cmTC_e46a6.dir/build.make CMakeFiles/cmTC_e46a6.dir/build
make[1]: Verzeichnis „/home/nicola/Dokumente/Programmiersprachen/ProPra Abgabe 6/programmiersprachen-raytracer/build/CMakeFiles/CMakeTmp“ wird betreten
Building C object CMakeFiles/cmTC_e46a6.dir/CheckFunctionExists.c.o
/usr/bin/cc    -DCHECK_FUNCTION_EXISTS=pthread_create   -o CMakeFiles/cmTC_e46a6.dir/CheckFunctionExists.c.o   -c /usr/share/cmake-3.5/Modules/CheckFunctionExists.c
Linking C executable cmTC_e46a6
/usr/bin/cmake -E cmake_link_script CMakeFiles/cmTC_e46a6.dir/link.txt --verbose=1
/usr/bin/cc   -DCHECK_FUNCTION_EXISTS=pthread_create    CMakeFiles/cmTC_e46a6.dir/CheckFunctionExists.c.o  -o cmTC_e46a6 -rdynamic -lpthreads 
/usr/bin/ld: cannot find -lpthreads
collect2: error: ld returned 1 exit status
CMakeFiles/cmTC_e46a6.dir/build.make:97: die Regel für Ziel „cmTC_e46a6“ scheiterte
make[1]: *** [cmTC_e46a6] Fehler 1
make[1]: Verzeichnis „/home/nicola/Dokumente/Programmiersprachen/ProPra Abgabe 6/programmiersprachen-raytracer/build/CMakeFiles/CMakeTmp“ wird verlassen
Makefile:126: die Regel für Ziel „cmTC_e46a6/fast“ scheiterte
make: *** [cmTC_e46a6/fast] Fehler 2


